2019-12-10 11:28:49,967 - Starting TestJavaApplication on 192.168.0.148 with PID 22543 (/private/var/www/java/test-jajva/target/classes started by shidun in /private/var/www/java/test-jajva)
2019-12-10 11:28:49,968 - The following profiles are active: dev
2019-12-10 11:28:50,001 - For Jackson Kotlin classes support please add "com.fasterxml.jackson.module:jackson-module-kotlin" to the classpath
2019-12-10 11:28:50,652 - Multiple Spring Data modules found, entering strict repository configuration mode!
2019-12-10 11:28:50,652 - Bootstrapping Spring Data repositories in DEFAULT mode.
2019-12-10 11:28:50,740 - Finished Spring Data repository scanning in 80ms. Found 5 repository interfaces.
2019-12-10 11:28:50,752 - Multiple Spring Data modules found, entering strict repository configuration mode!
2019-12-10 11:28:50,753 - Bootstrapping Spring Data repositories in DEFAULT mode.
2019-12-10 11:28:50,770 - Spring Data Redis - Could not safely identify store assignment for repository candidate interface com.imooc.testjava.repository.OrderDetailRepository.
2019-12-10 11:28:50,771 - Spring Data Redis - Could not safely identify store assignment for repository candidate interface com.imooc.testjava.repository.OrderMasterRepository.
2019-12-10 11:28:50,772 - Spring Data Redis - Could not safely identify store assignment for repository candidate interface com.imooc.testjava.repository.ProductCategoryRepository.
2019-12-10 11:28:50,772 - Spring Data Redis - Could not safely identify store assignment for repository candidate interface com.imooc.testjava.repository.ProductInfoRepository.
2019-12-10 11:28:50,773 - Spring Data Redis - Could not safely identify store assignment for repository candidate interface com.imooc.testjava.repository.SellerInfoRepository.
2019-12-10 11:28:50,773 - Finished Spring Data repository scanning in 12ms. Found 0 repository interfaces.
2019-12-10 11:28:51,056 - Bean 'org.springframework.transaction.annotation.ProxyTransactionManagementConfiguration' of type [org.springframework.transaction.annotation.ProxyTransactionManagementConfiguration$$EnhancerBySpringCGLIB$$f6375325] is not eligible for getting processed by all BeanPostProcessors (for example: not eligible for auto-proxying)
2019-12-10 11:28:51,302 - Tomcat initialized with port(s): 8080 (http)
2019-12-10 11:28:51,387 - Initializing ProtocolHandler ["http-nio-8080"]
2019-12-10 11:28:51,394 - Starting service [Tomcat]
2019-12-10 11:28:51,394 - Starting Servlet engine: [Apache Tomcat/9.0.21]
2019-12-10 11:28:51,474 - Initializing Spring embedded WebApplicationContext
2019-12-10 11:28:51,474 - Root WebApplicationContext: initialization completed in 1440 ms
2019-12-10 11:28:51,739 - HikariPool-1 - Starting...
2019-12-10 11:28:51,958 - HikariPool-1 - Start completed.
2019-12-10 11:28:51,997 - HHH000204: Processing PersistenceUnitInfo [
	name: default
	...]
2019-12-10 11:28:52,040 - HHH000412: Hibernate Core {5.3.10.Final}
2019-12-10 11:28:52,041 - HHH000206: hibernate.properties not found
2019-12-10 11:28:52,132 - HCANN000001: Hibernate Commons Annotations {5.0.4.Final}
2019-12-10 11:28:52,236 - HHH000400: Using dialect: org.hibernate.dialect.MySQL5Dialect
2019-12-10 11:28:52,667 - Initialized JPA EntityManagerFactory for persistence unit 'default'
2019-12-10 11:28:53,593 - Initializing ExecutorService 'applicationTaskExecutor'
2019-12-10 11:28:53,629 - spring.jpa.open-in-view is enabled by default. Therefore, database queries may be performed during view rendering. Explicitly configure spring.jpa.open-in-view to disable this warning
2019-12-10 11:28:53,973 - Starting ProtocolHandler ["http-nio-8080"]
2019-12-10 11:28:54,003 - Tomcat started on port(s): 8080 (http) with context path ''
2019-12-10 11:28:54,005 - Started TestJavaApplication in 4.37 seconds (JVM running for 4.791)
2019-12-10 11:30:37,558 - Initializing Spring DispatcherServlet 'dispatcherServlet'
2019-12-10 11:30:37,558 - Initializing Servlet 'dispatcherServlet'
2019-12-10 11:30:37,566 - Completed initialization in 8 ms
2019-12-10 11:34:08,714 - Shutting down ExecutorService 'applicationTaskExecutor'
2019-12-10 11:34:08,716 - Closing JPA EntityManagerFactory for persistence unit 'default'
2019-12-10 11:34:08,717 - HikariPool-1 - Shutdown initiated...
2019-12-10 11:34:08,720 - HikariPool-1 - Shutdown completed.
