2019-09-21 10:27:36,012 - Starting TestJavaApplication on 192.168.0.165 with PID 1219 (/private/var/www/java/test-jajva/target/classes started by shidun in /private/var/www/java/test-jajva)
2019-09-21 10:27:36,013 - The following profiles are active: dev
2019-09-21 10:27:36,062 - For Jackson Kotlin classes support please add "com.fasterxml.jackson.module:jackson-module-kotlin" to the classpath
2019-09-21 10:27:36,894 - Multiple Spring Data modules found, entering strict repository configuration mode!
2019-09-21 10:27:36,895 - Bootstrapping Spring Data repositories in DEFAULT mode.
2019-09-21 10:27:36,983 - Finished Spring Data repository scanning in 75ms. Found 5 repository interfaces.
2019-09-21 10:27:36,998 - Multiple Spring Data modules found, entering strict repository configuration mode!
2019-09-21 10:27:37,000 - Bootstrapping Spring Data repositories in DEFAULT mode.
2019-09-21 10:27:37,016 - Spring Data Redis - Could not safely identify store assignment for repository candidate interface com.imooc.testjava.repository.OrderDetailRepository.
2019-09-21 10:27:37,017 - Spring Data Redis - Could not safely identify store assignment for repository candidate interface com.imooc.testjava.repository.OrderMasterRepository.
2019-09-21 10:27:37,017 - Spring Data Redis - Could not safely identify store assignment for repository candidate interface com.imooc.testjava.repository.ProductCategoryRepository.
2019-09-21 10:27:37,018 - Spring Data Redis - Could not safely identify store assignment for repository candidate interface com.imooc.testjava.repository.ProductInfoRepository.
2019-09-21 10:27:37,018 - Spring Data Redis - Could not safely identify store assignment for repository candidate interface com.imooc.testjava.repository.SellerInfoRepository.
2019-09-21 10:27:37,018 - Finished Spring Data repository scanning in 9ms. Found 0 repository interfaces.
2019-09-21 10:27:37,330 - Bean 'org.springframework.transaction.annotation.ProxyTransactionManagementConfiguration' of type [org.springframework.transaction.annotation.ProxyTransactionManagementConfiguration$$EnhancerBySpringCGLIB$$cf097989] is not eligible for getting processed by all BeanPostProcessors (for example: not eligible for auto-proxying)
2019-09-21 10:27:37,755 - Tomcat initialized with port(s): 8080 (http)
2019-09-21 10:27:37,768 - Initializing ProtocolHandler ["http-nio-8080"]
2019-09-21 10:27:37,775 - Starting service [Tomcat]
2019-09-21 10:27:37,776 - Starting Servlet engine: [Apache Tomcat/9.0.21]
2019-09-21 10:27:37,876 - Initializing Spring embedded WebApplicationContext
2019-09-21 10:27:37,876 - Root WebApplicationContext: initialization completed in 1731 ms
2019-09-21 10:27:38,223 - HikariPool-1 - Starting...
2019-09-21 10:27:39,301 - Unable to determine jdbc url from datasource
org.springframework.jdbc.support.MetaDataAccessException: Could not get Connection for extracting meta-data; nested exception is org.springframework.jdbc.CannotGetJdbcConnectionException: Failed to obtain JDBC Connection; nested exception is com.mysql.cj.jdbc.exceptions.CommunicationsException: Communications link failure

The last packet sent successfully to the server was 0 milliseconds ago. The driver has not received any packets from the server.
	at org.springframework.jdbc.support.JdbcUtils.extractDatabaseMetaData(JdbcUtils.java:328)
	at org.springframework.jdbc.support.JdbcUtils.extractDatabaseMetaData(JdbcUtils.java:356)
	at org.springframework.boot.autoconfigure.orm.jpa.DatabaseLookup.getDatabase(DatabaseLookup.java:73)
	at org.springframework.boot.autoconfigure.orm.jpa.JpaProperties.determineDatabase(JpaProperties.java:142)
	at org.springframework.boot.autoconfigure.orm.jpa.JpaBaseConfiguration.jpaVendorAdapter(JpaBaseConfiguration.java:112)
	at org.springframework.boot.autoconfigure.orm.jpa.HibernateJpaConfiguration$$EnhancerBySpringCGLIB$$ede03bf8.CGLIB$jpaVendorAdapter$6(<generated>)
	at org.springframework.boot.autoconfigure.orm.jpa.HibernateJpaConfiguration$$EnhancerBySpringCGLIB$$ede03bf8$$FastClassBySpringCGLIB$$d33b795a.invoke(<generated>)
	at org.springframework.cglib.proxy.MethodProxy.invokeSuper(MethodProxy.java:244)
	at org.springframework.context.annotation.ConfigurationClassEnhancer$BeanMethodInterceptor.intercept(ConfigurationClassEnhancer.java:363)
	at org.springframework.boot.autoconfigure.orm.jpa.HibernateJpaConfiguration$$EnhancerBySpringCGLIB$$ede03bf8.jpaVendorAdapter(<generated>)
	at sun.reflect.NativeMethodAccessorImpl.invoke0(Native Method)
	at sun.reflect.NativeMethodAccessorImpl.invoke(NativeMethodAccessorImpl.java:62)
	at sun.reflect.DelegatingMethodAccessorImpl.invoke(DelegatingMethodAccessorImpl.java:43)
	at java.lang.reflect.Method.invoke(Method.java:498)
	at org.springframework.beans.factory.support.SimpleInstantiationStrategy.instantiate(SimpleInstantiationStrategy.java:154)
	at org.springframework.beans.factory.support.ConstructorResolver.instantiate(ConstructorResolver.java:622)
	at org.springframework.beans.factory.support.ConstructorResolver.instantiateUsingFactoryMethod(ConstructorResolver.java:456)
	at org.springframework.beans.factory.support.AbstractAutowireCapableBeanFactory.instantiateUsingFactoryMethod(AbstractAutowireCapableBeanFactory.java:1321)
	at org.springframework.beans.factory.support.AbstractAutowireCapableBeanFactory.createBeanInstance(AbstractAutowireCapableBeanFactory.java:1160)
	at org.springframework.beans.factory.support.AbstractAutowireCapableBeanFactory.doCreateBean(AbstractAutowireCapableBeanFactory.java:555)
	at org.springframework.beans.factory.support.AbstractAutowireCapableBeanFactory.createBean(AbstractAutowireCapableBeanFactory.java:515)
	at org.springframework.beans.factory.support.AbstractBeanFactory.lambda$doGetBean$0(AbstractBeanFactory.java:320)
	at org.springframework.beans.factory.support.DefaultSingletonBeanRegistry.getSingleton(DefaultSingletonBeanRegistry.java:222)
	at org.springframework.beans.factory.support.AbstractBeanFactory.doGetBean(AbstractBeanFactory.java:318)
	at org.springframework.beans.factory.support.AbstractBeanFactory.getBean(AbstractBeanFactory.java:199)
	at org.springframework.beans.factory.config.DependencyDescriptor.resolveCandidate(DependencyDescriptor.java:277)
	at org.springframework.beans.factory.support.DefaultListableBeanFactory.doResolveDependency(DefaultListableBeanFactory.java:1251)
	at org.springframework.beans.factory.support.DefaultListableBeanFactory.resolveDependency(DefaultListableBeanFactory.java:1171)
	at org.springframework.beans.factory.support.ConstructorResolver.resolveAutowiredArgument(ConstructorResolver.java:857)
	at org.springframework.beans.factory.support.ConstructorResolver.createArgumentArray(ConstructorResolver.java:760)
	at org.springframework.beans.factory.support.ConstructorResolver.instantiateUsingFactoryMethod(ConstructorResolver.java:509)
	at org.springframework.beans.factory.support.AbstractAutowireCapableBeanFactory.instantiateUsingFactoryMethod(AbstractAutowireCapableBeanFactory.java:1321)
	at org.springframework.beans.factory.support.AbstractAutowireCapableBeanFactory.createBeanInstance(AbstractAutowireCapableBeanFactory.java:1160)
	at org.springframework.beans.factory.support.AbstractAutowireCapableBeanFactory.doCreateBean(AbstractAutowireCapableBeanFactory.java:555)
	at org.springframework.beans.factory.support.AbstractAutowireCapableBeanFactory.createBean(AbstractAutowireCapableBeanFactory.java:515)
	at org.springframework.beans.factory.support.AbstractBeanFactory.lambda$doGetBean$0(AbstractBeanFactory.java:320)
	at org.springframework.beans.factory.support.DefaultSingletonBeanRegistry.getSingleton(DefaultSingletonBeanRegistry.java:222)
	at org.springframework.beans.factory.support.AbstractBeanFactory.doGetBean(AbstractBeanFactory.java:318)
	at org.springframework.beans.factory.support.AbstractBeanFactory.getBean(AbstractBeanFactory.java:199)
	at org.springframework.beans.factory.config.DependencyDescriptor.resolveCandidate(DependencyDescriptor.java:277)
	at org.springframework.beans.factory.support.DefaultListableBeanFactory.doResolveDependency(DefaultListableBeanFactory.java:1251)
	at org.springframework.beans.factory.support.DefaultListableBeanFactory.resolveDependency(DefaultListableBeanFactory.java:1171)
	at org.springframework.beans.factory.support.ConstructorResolver.resolveAutowiredArgument(ConstructorResolver.java:857)
	at org.springframework.beans.factory.support.ConstructorResolver.createArgumentArray(ConstructorResolver.java:760)
	at org.springframework.beans.factory.support.ConstructorResolver.instantiateUsingFactoryMethod(ConstructorResolver.java:509)
	at org.springframework.beans.factory.support.AbstractAutowireCapableBeanFactory.instantiateUsingFactoryMethod(AbstractAutowireCapableBeanFactory.java:1321)
	at org.springframework.beans.factory.support.AbstractAutowireCapableBeanFactory.createBeanInstance(AbstractAutowireCapableBeanFactory.java:1160)
	at org.springframework.beans.factory.support.AbstractAutowireCapableBeanFactory.doCreateBean(AbstractAutowireCapableBeanFactory.java:555)
	at org.springframework.beans.factory.support.AbstractAutowireCapableBeanFactory.createBean(AbstractAutowireCapableBeanFactory.java:515)
	at org.springframework.beans.factory.support.AbstractBeanFactory.lambda$doGetBean$0(AbstractBeanFactory.java:320)
	at org.springframework.beans.factory.support.DefaultSingletonBeanRegistry.getSingleton(DefaultSingletonBeanRegistry.java:222)
	at org.springframework.beans.factory.support.AbstractBeanFactory.doGetBean(AbstractBeanFactory.java:318)
	at org.springframework.beans.factory.support.AbstractBeanFactory.getBean(AbstractBeanFactory.java:199)
	at org.springframework.context.support.AbstractApplicationContext.getBean(AbstractApplicationContext.java:1105)
	at org.springframework.context.support.AbstractApplicationContext.finishBeanFactoryInitialization(AbstractApplicationContext.java:867)
	at org.springframework.context.support.AbstractApplicationContext.refresh(AbstractApplicationContext.java:549)
	at org.springframework.boot.web.servlet.context.ServletWebServerApplicationContext.refresh(ServletWebServerApplicationContext.java:140)
	at org.springframework.boot.SpringApplication.refresh(SpringApplication.java:742)
	at org.springframework.boot.SpringApplication.refreshContext(SpringApplication.java:389)
	at org.springframework.boot.SpringApplication.run(SpringApplication.java:311)
	at org.springframework.boot.SpringApplication.run(SpringApplication.java:1213)
	at org.springframework.boot.SpringApplication.run(SpringApplication.java:1202)
	at com.imooc.testjava.TestJavaApplication.main(TestJavaApplication.java:14)
Caused by: org.springframework.jdbc.CannotGetJdbcConnectionException: Failed to obtain JDBC Connection; nested exception is com.mysql.cj.jdbc.exceptions.CommunicationsException: Communications link failure

The last packet sent successfully to the server was 0 milliseconds ago. The driver has not received any packets from the server.
	at org.springframework.jdbc.datasource.DataSourceUtils.getConnection(DataSourceUtils.java:81)
	at org.springframework.jdbc.support.JdbcUtils.extractDatabaseMetaData(JdbcUtils.java:319)
	... 62 common frames omitted
Caused by: com.mysql.cj.jdbc.exceptions.CommunicationsException: Communications link failure

The last packet sent successfully to the server was 0 milliseconds ago. The driver has not received any packets from the server.
	at com.mysql.cj.jdbc.exceptions.SQLError.createCommunicationsException(SQLError.java:174)
	at com.mysql.cj.jdbc.exceptions.SQLExceptionsMapping.translateException(SQLExceptionsMapping.java:64)
	at com.mysql.cj.jdbc.ConnectionImpl.createNewIO(ConnectionImpl.java:835)
	at com.mysql.cj.jdbc.ConnectionImpl.<init>(ConnectionImpl.java:455)
	at com.mysql.cj.jdbc.ConnectionImpl.getInstance(ConnectionImpl.java:240)
	at com.mysql.cj.jdbc.NonRegisteringDriver.connect(NonRegisteringDriver.java:199)
	at com.zaxxer.hikari.util.DriverDataSource.getConnection(DriverDataSource.java:136)
	at com.zaxxer.hikari.pool.PoolBase.newConnection(PoolBase.java:369)
	at com.zaxxer.hikari.pool.PoolBase.newPoolEntry(PoolBase.java:198)
	at com.zaxxer.hikari.pool.HikariPool.createPoolEntry(HikariPool.java:467)
	at com.zaxxer.hikari.pool.HikariPool.checkFailFast(HikariPool.java:541)
	at com.zaxxer.hikari.pool.HikariPool.<init>(HikariPool.java:115)
	at com.zaxxer.hikari.HikariDataSource.getConnection(HikariDataSource.java:112)
	at org.springframework.jdbc.datasource.DataSourceUtils.fetchConnection(DataSourceUtils.java:157)
	at org.springframework.jdbc.datasource.DataSourceUtils.doGetConnection(DataSourceUtils.java:115)
	at org.springframework.jdbc.datasource.DataSourceUtils.getConnection(DataSourceUtils.java:78)
	... 63 common frames omitted
Caused by: com.mysql.cj.exceptions.CJCommunicationsException: Communications link failure

The last packet sent successfully to the server was 0 milliseconds ago. The driver has not received any packets from the server.
	at sun.reflect.NativeConstructorAccessorImpl.newInstance0(Native Method)
	at sun.reflect.NativeConstructorAccessorImpl.newInstance(NativeConstructorAccessorImpl.java:62)
	at sun.reflect.DelegatingConstructorAccessorImpl.newInstance(DelegatingConstructorAccessorImpl.java:45)
	at java.lang.reflect.Constructor.newInstance(Constructor.java:423)
	at com.mysql.cj.exceptions.ExceptionFactory.createException(ExceptionFactory.java:61)
	at com.mysql.cj.exceptions.ExceptionFactory.createException(ExceptionFactory.java:105)
	at com.mysql.cj.exceptions.ExceptionFactory.createException(ExceptionFactory.java:151)
	at com.mysql.cj.exceptions.ExceptionFactory.createCommunicationsException(ExceptionFactory.java:167)
	at com.mysql.cj.protocol.a.NativeSocketConnection.connect(NativeSocketConnection.java:91)
	at com.mysql.cj.NativeSession.connect(NativeSession.java:152)
	at com.mysql.cj.jdbc.ConnectionImpl.connectOneTryOnly(ConnectionImpl.java:955)
	at com.mysql.cj.jdbc.ConnectionImpl.createNewIO(ConnectionImpl.java:825)
	... 76 common frames omitted
Caused by: java.net.ConnectException: Connection refused (Connection refused)
	at java.net.PlainSocketImpl.socketConnect(Native Method)
	at java.net.AbstractPlainSocketImpl.doConnect(AbstractPlainSocketImpl.java:350)
	at java.net.AbstractPlainSocketImpl.connectToAddress(AbstractPlainSocketImpl.java:206)
	at java.net.AbstractPlainSocketImpl.connect(AbstractPlainSocketImpl.java:188)
	at java.net.SocksSocketImpl.connect(SocksSocketImpl.java:392)
	at java.net.Socket.connect(Socket.java:589)
	at com.mysql.cj.protocol.StandardSocketFactory.connect(StandardSocketFactory.java:155)
	at com.mysql.cj.protocol.a.NativeSocketConnection.connect(NativeSocketConnection.java:65)
	... 79 common frames omitted
2019-09-21 10:27:39,309 - HikariPool-1 - Starting...
2019-09-21 10:27:40,354 - HHH000204: Processing PersistenceUnitInfo [
	name: default
	...]
2019-09-21 10:27:40,436 - HHH000412: Hibernate Core {5.3.10.Final}
2019-09-21 10:27:40,437 - HHH000206: hibernate.properties not found
2019-09-21 10:27:40,570 - HCANN000001: Hibernate Commons Annotations {5.0.4.Final}
2019-09-21 10:27:40,690 - HikariPool-1 - Starting...
2019-09-21 10:27:41,697 - HHH000342: Could not obtain connection to query metadata : Communications link failure

The last packet sent successfully to the server was 0 milliseconds ago. The driver has not received any packets from the server.
2019-09-21 10:27:41,699 - Exception encountered during context initialization - cancelling refresh attempt: org.springframework.beans.factory.BeanCreationException: Error creating bean with name 'entityManagerFactory' defined in class path resource [org/springframework/boot/autoconfigure/orm/jpa/HibernateJpaConfiguration.class]: Invocation of init method failed; nested exception is org.hibernate.service.spi.ServiceException: Unable to create requested service [org.hibernate.engine.jdbc.env.spi.JdbcEnvironment]
2019-09-21 10:27:41,718 - Stopping service [Tomcat]
2019-09-21 10:27:41,728 - 

Error starting ApplicationContext. To display the conditions report re-run your application with 'debug' enabled.
2019-09-21 10:34:59,072 - Starting TestJavaApplication on 192.168.0.165 with PID 1472 (/private/var/www/java/test-jajva/target/classes started by shidun in /private/var/www/java/test-jajva)
2019-09-21 10:34:59,072 - The following profiles are active: dev
2019-09-21 10:34:59,108 - For Jackson Kotlin classes support please add "com.fasterxml.jackson.module:jackson-module-kotlin" to the classpath
2019-09-21 10:34:59,747 - Multiple Spring Data modules found, entering strict repository configuration mode!
2019-09-21 10:34:59,747 - Bootstrapping Spring Data repositories in DEFAULT mode.
2019-09-21 10:34:59,828 - Finished Spring Data repository scanning in 74ms. Found 5 repository interfaces.
2019-09-21 10:34:59,841 - Multiple Spring Data modules found, entering strict repository configuration mode!
2019-09-21 10:34:59,842 - Bootstrapping Spring Data repositories in DEFAULT mode.
2019-09-21 10:34:59,859 - Spring Data Redis - Could not safely identify store assignment for repository candidate interface com.imooc.testjava.repository.OrderDetailRepository.
2019-09-21 10:34:59,860 - Spring Data Redis - Could not safely identify store assignment for repository candidate interface com.imooc.testjava.repository.OrderMasterRepository.
2019-09-21 10:34:59,861 - Spring Data Redis - Could not safely identify store assignment for repository candidate interface com.imooc.testjava.repository.ProductCategoryRepository.
2019-09-21 10:34:59,862 - Spring Data Redis - Could not safely identify store assignment for repository candidate interface com.imooc.testjava.repository.ProductInfoRepository.
2019-09-21 10:34:59,862 - Spring Data Redis - Could not safely identify store assignment for repository candidate interface com.imooc.testjava.repository.SellerInfoRepository.
2019-09-21 10:34:59,862 - Finished Spring Data repository scanning in 12ms. Found 0 repository interfaces.
2019-09-21 10:35:00,174 - Bean 'org.springframework.transaction.annotation.ProxyTransactionManagementConfiguration' of type [org.springframework.transaction.annotation.ProxyTransactionManagementConfiguration$$EnhancerBySpringCGLIB$$fb23ca8d] is not eligible for getting processed by all BeanPostProcessors (for example: not eligible for auto-proxying)
2019-09-21 10:35:00,548 - Tomcat initialized with port(s): 8080 (http)
2019-09-21 10:35:00,558 - Initializing ProtocolHandler ["http-nio-8080"]
2019-09-21 10:35:00,565 - Starting service [Tomcat]
2019-09-21 10:35:00,566 - Starting Servlet engine: [Apache Tomcat/9.0.21]
2019-09-21 10:35:00,662 - Initializing Spring embedded WebApplicationContext
2019-09-21 10:35:00,662 - Root WebApplicationContext: initialization completed in 1526 ms
2019-09-21 10:35:00,934 - HikariPool-1 - Starting...
2019-09-21 10:35:02,248 - Unable to determine jdbc url from datasource
org.springframework.jdbc.support.MetaDataAccessException: Could not get Connection for extracting meta-data; nested exception is org.springframework.jdbc.CannotGetJdbcConnectionException: Failed to obtain JDBC Connection; nested exception is java.sql.SQLSyntaxErrorException: Unknown database 'spring_boot'
	at org.springframework.jdbc.support.JdbcUtils.extractDatabaseMetaData(JdbcUtils.java:328)
	at org.springframework.jdbc.support.JdbcUtils.extractDatabaseMetaData(JdbcUtils.java:356)
	at org.springframework.boot.autoconfigure.orm.jpa.DatabaseLookup.getDatabase(DatabaseLookup.java:73)
	at org.springframework.boot.autoconfigure.orm.jpa.JpaProperties.determineDatabase(JpaProperties.java:142)
	at org.springframework.boot.autoconfigure.orm.jpa.JpaBaseConfiguration.jpaVendorAdapter(JpaBaseConfiguration.java:112)
	at org.springframework.boot.autoconfigure.orm.jpa.HibernateJpaConfiguration$$EnhancerBySpringCGLIB$$19fa8cfc.CGLIB$jpaVendorAdapter$7(<generated>)
	at org.springframework.boot.autoconfigure.orm.jpa.HibernateJpaConfiguration$$EnhancerBySpringCGLIB$$19fa8cfc$$FastClassBySpringCGLIB$$db3c0a3a.invoke(<generated>)
	at org.springframework.cglib.proxy.MethodProxy.invokeSuper(MethodProxy.java:244)
	at org.springframework.context.annotation.ConfigurationClassEnhancer$BeanMethodInterceptor.intercept(ConfigurationClassEnhancer.java:363)
	at org.springframework.boot.autoconfigure.orm.jpa.HibernateJpaConfiguration$$EnhancerBySpringCGLIB$$19fa8cfc.jpaVendorAdapter(<generated>)
	at sun.reflect.NativeMethodAccessorImpl.invoke0(Native Method)
	at sun.reflect.NativeMethodAccessorImpl.invoke(NativeMethodAccessorImpl.java:62)
	at sun.reflect.DelegatingMethodAccessorImpl.invoke(DelegatingMethodAccessorImpl.java:43)
	at java.lang.reflect.Method.invoke(Method.java:498)
	at org.springframework.beans.factory.support.SimpleInstantiationStrategy.instantiate(SimpleInstantiationStrategy.java:154)
	at org.springframework.beans.factory.support.ConstructorResolver.instantiate(ConstructorResolver.java:622)
	at org.springframework.beans.factory.support.ConstructorResolver.instantiateUsingFactoryMethod(ConstructorResolver.java:456)
	at org.springframework.beans.factory.support.AbstractAutowireCapableBeanFactory.instantiateUsingFactoryMethod(AbstractAutowireCapableBeanFactory.java:1321)
	at org.springframework.beans.factory.support.AbstractAutowireCapableBeanFactory.createBeanInstance(AbstractAutowireCapableBeanFactory.java:1160)
	at org.springframework.beans.factory.support.AbstractAutowireCapableBeanFactory.doCreateBean(AbstractAutowireCapableBeanFactory.java:555)
	at org.springframework.beans.factory.support.AbstractAutowireCapableBeanFactory.createBean(AbstractAutowireCapableBeanFactory.java:515)
	at org.springframework.beans.factory.support.AbstractBeanFactory.lambda$doGetBean$0(AbstractBeanFactory.java:320)
	at org.springframework.beans.factory.support.DefaultSingletonBeanRegistry.getSingleton(DefaultSingletonBeanRegistry.java:222)
	at org.springframework.beans.factory.support.AbstractBeanFactory.doGetBean(AbstractBeanFactory.java:318)
	at org.springframework.beans.factory.support.AbstractBeanFactory.getBean(AbstractBeanFactory.java:199)
	at org.springframework.beans.factory.config.DependencyDescriptor.resolveCandidate(DependencyDescriptor.java:277)
	at org.springframework.beans.factory.support.DefaultListableBeanFactory.doResolveDependency(DefaultListableBeanFactory.java:1251)
	at org.springframework.beans.factory.support.DefaultListableBeanFactory.resolveDependency(DefaultListableBeanFactory.java:1171)
	at org.springframework.beans.factory.support.ConstructorResolver.resolveAutowiredArgument(ConstructorResolver.java:857)
	at org.springframework.beans.factory.support.ConstructorResolver.createArgumentArray(ConstructorResolver.java:760)
	at org.springframework.beans.factory.support.ConstructorResolver.instantiateUsingFactoryMethod(ConstructorResolver.java:509)
	at org.springframework.beans.factory.support.AbstractAutowireCapableBeanFactory.instantiateUsingFactoryMethod(AbstractAutowireCapableBeanFactory.java:1321)
	at org.springframework.beans.factory.support.AbstractAutowireCapableBeanFactory.createBeanInstance(AbstractAutowireCapableBeanFactory.java:1160)
	at org.springframework.beans.factory.support.AbstractAutowireCapableBeanFactory.doCreateBean(AbstractAutowireCapableBeanFactory.java:555)
	at org.springframework.beans.factory.support.AbstractAutowireCapableBeanFactory.createBean(AbstractAutowireCapableBeanFactory.java:515)
	at org.springframework.beans.factory.support.AbstractBeanFactory.lambda$doGetBean$0(AbstractBeanFactory.java:320)
	at org.springframework.beans.factory.support.DefaultSingletonBeanRegistry.getSingleton(DefaultSingletonBeanRegistry.java:222)
	at org.springframework.beans.factory.support.AbstractBeanFactory.doGetBean(AbstractBeanFactory.java:318)
	at org.springframework.beans.factory.support.AbstractBeanFactory.getBean(AbstractBeanFactory.java:199)
	at org.springframework.beans.factory.config.DependencyDescriptor.resolveCandidate(DependencyDescriptor.java:277)
	at org.springframework.beans.factory.support.DefaultListableBeanFactory.doResolveDependency(DefaultListableBeanFactory.java:1251)
	at org.springframework.beans.factory.support.DefaultListableBeanFactory.resolveDependency(DefaultListableBeanFactory.java:1171)
	at org.springframework.beans.factory.support.ConstructorResolver.resolveAutowiredArgument(ConstructorResolver.java:857)
	at org.springframework.beans.factory.support.ConstructorResolver.createArgumentArray(ConstructorResolver.java:760)
	at org.springframework.beans.factory.support.ConstructorResolver.instantiateUsingFactoryMethod(ConstructorResolver.java:509)
	at org.springframework.beans.factory.support.AbstractAutowireCapableBeanFactory.instantiateUsingFactoryMethod(AbstractAutowireCapableBeanFactory.java:1321)
	at org.springframework.beans.factory.support.AbstractAutowireCapableBeanFactory.createBeanInstance(AbstractAutowireCapableBeanFactory.java:1160)
	at org.springframework.beans.factory.support.AbstractAutowireCapableBeanFactory.doCreateBean(AbstractAutowireCapableBeanFactory.java:555)
	at org.springframework.beans.factory.support.AbstractAutowireCapableBeanFactory.createBean(AbstractAutowireCapableBeanFactory.java:515)
	at org.springframework.beans.factory.support.AbstractBeanFactory.lambda$doGetBean$0(AbstractBeanFactory.java:320)
	at org.springframework.beans.factory.support.DefaultSingletonBeanRegistry.getSingleton(DefaultSingletonBeanRegistry.java:222)
	at org.springframework.beans.factory.support.AbstractBeanFactory.doGetBean(AbstractBeanFactory.java:318)
	at org.springframework.beans.factory.support.AbstractBeanFactory.getBean(AbstractBeanFactory.java:199)
	at org.springframework.context.support.AbstractApplicationContext.getBean(AbstractApplicationContext.java:1105)
	at org.springframework.context.support.AbstractApplicationContext.finishBeanFactoryInitialization(AbstractApplicationContext.java:867)
	at org.springframework.context.support.AbstractApplicationContext.refresh(AbstractApplicationContext.java:549)
	at org.springframework.boot.web.servlet.context.ServletWebServerApplicationContext.refresh(ServletWebServerApplicationContext.java:140)
	at org.springframework.boot.SpringApplication.refresh(SpringApplication.java:742)
	at org.springframework.boot.SpringApplication.refreshContext(SpringApplication.java:389)
	at org.springframework.boot.SpringApplication.run(SpringApplication.java:311)
	at org.springframework.boot.SpringApplication.run(SpringApplication.java:1213)
	at org.springframework.boot.SpringApplication.run(SpringApplication.java:1202)
	at com.imooc.testjava.TestJavaApplication.main(TestJavaApplication.java:14)
Caused by: org.springframework.jdbc.CannotGetJdbcConnectionException: Failed to obtain JDBC Connection; nested exception is java.sql.SQLSyntaxErrorException: Unknown database 'spring_boot'
	at org.springframework.jdbc.datasource.DataSourceUtils.getConnection(DataSourceUtils.java:81)
	at org.springframework.jdbc.support.JdbcUtils.extractDatabaseMetaData(JdbcUtils.java:319)
	... 62 common frames omitted
Caused by: java.sql.SQLSyntaxErrorException: Unknown database 'spring_boot'
	at com.mysql.cj.jdbc.exceptions.SQLError.createSQLException(SQLError.java:120)
	at com.mysql.cj.jdbc.exceptions.SQLError.createSQLException(SQLError.java:97)
	at com.mysql.cj.jdbc.exceptions.SQLExceptionsMapping.translateException(SQLExceptionsMapping.java:122)
	at com.mysql.cj.jdbc.ConnectionImpl.createNewIO(ConnectionImpl.java:835)
	at com.mysql.cj.jdbc.ConnectionImpl.<init>(ConnectionImpl.java:455)
	at com.mysql.cj.jdbc.ConnectionImpl.getInstance(ConnectionImpl.java:240)
	at com.mysql.cj.jdbc.NonRegisteringDriver.connect(NonRegisteringDriver.java:199)
	at com.zaxxer.hikari.util.DriverDataSource.getConnection(DriverDataSource.java:136)
	at com.zaxxer.hikari.pool.PoolBase.newConnection(PoolBase.java:369)
	at com.zaxxer.hikari.pool.PoolBase.newPoolEntry(PoolBase.java:198)
	at com.zaxxer.hikari.pool.HikariPool.createPoolEntry(HikariPool.java:467)
	at com.zaxxer.hikari.pool.HikariPool.checkFailFast(HikariPool.java:541)
	at com.zaxxer.hikari.pool.HikariPool.<init>(HikariPool.java:115)
	at com.zaxxer.hikari.HikariDataSource.getConnection(HikariDataSource.java:112)
	at org.springframework.jdbc.datasource.DataSourceUtils.fetchConnection(DataSourceUtils.java:157)
	at org.springframework.jdbc.datasource.DataSourceUtils.doGetConnection(DataSourceUtils.java:115)
	at org.springframework.jdbc.datasource.DataSourceUtils.getConnection(DataSourceUtils.java:78)
	... 63 common frames omitted
2019-09-21 10:35:02,258 - HikariPool-1 - Starting...
2019-09-21 10:35:03,304 - HHH000204: Processing PersistenceUnitInfo [
	name: default
	...]
2019-09-21 10:35:03,355 - HHH000412: Hibernate Core {5.3.10.Final}
2019-09-21 10:35:03,357 - HHH000206: hibernate.properties not found
2019-09-21 10:35:03,454 - HCANN000001: Hibernate Commons Annotations {5.0.4.Final}
2019-09-21 10:35:03,570 - HikariPool-1 - Starting...
2019-09-21 10:35:04,588 - HHH000342: Could not obtain connection to query metadata : Unknown database 'spring_boot'
2019-09-21 10:35:04,590 - Exception encountered during context initialization - cancelling refresh attempt: org.springframework.beans.factory.BeanCreationException: Error creating bean with name 'entityManagerFactory' defined in class path resource [org/springframework/boot/autoconfigure/orm/jpa/HibernateJpaConfiguration.class]: Invocation of init method failed; nested exception is org.hibernate.service.spi.ServiceException: Unable to create requested service [org.hibernate.engine.jdbc.env.spi.JdbcEnvironment]
2019-09-21 10:35:04,606 - Stopping service [Tomcat]
2019-09-21 10:35:04,616 - 

Error starting ApplicationContext. To display the conditions report re-run your application with 'debug' enabled.
2019-09-21 10:37:43,401 - Starting TestJavaApplication on 192.168.0.165 with PID 1490 (/private/var/www/java/test-jajva/target/classes started by shidun in /private/var/www/java/test-jajva)
2019-09-21 10:37:43,401 - The following profiles are active: dev
2019-09-21 10:37:43,534 - For Jackson Kotlin classes support please add "com.fasterxml.jackson.module:jackson-module-kotlin" to the classpath
2019-09-21 10:37:44,335 - Multiple Spring Data modules found, entering strict repository configuration mode!
2019-09-21 10:37:44,335 - Bootstrapping Spring Data repositories in DEFAULT mode.
2019-09-21 10:37:44,428 - Finished Spring Data repository scanning in 82ms. Found 5 repository interfaces.
2019-09-21 10:37:44,442 - Multiple Spring Data modules found, entering strict repository configuration mode!
2019-09-21 10:37:44,444 - Bootstrapping Spring Data repositories in DEFAULT mode.
2019-09-21 10:37:44,460 - Spring Data Redis - Could not safely identify store assignment for repository candidate interface com.imooc.testjava.repository.OrderDetailRepository.
2019-09-21 10:37:44,461 - Spring Data Redis - Could not safely identify store assignment for repository candidate interface com.imooc.testjava.repository.OrderMasterRepository.
2019-09-21 10:37:44,461 - Spring Data Redis - Could not safely identify store assignment for repository candidate interface com.imooc.testjava.repository.ProductCategoryRepository.
2019-09-21 10:37:44,462 - Spring Data Redis - Could not safely identify store assignment for repository candidate interface com.imooc.testjava.repository.ProductInfoRepository.
2019-09-21 10:37:44,463 - Spring Data Redis - Could not safely identify store assignment for repository candidate interface com.imooc.testjava.repository.SellerInfoRepository.
2019-09-21 10:37:44,463 - Finished Spring Data repository scanning in 10ms. Found 0 repository interfaces.
2019-09-21 10:37:44,772 - Bean 'org.springframework.transaction.annotation.ProxyTransactionManagementConfiguration' of type [org.springframework.transaction.annotation.ProxyTransactionManagementConfiguration$$EnhancerBySpringCGLIB$$f7ea45fc] is not eligible for getting processed by all BeanPostProcessors (for example: not eligible for auto-proxying)
2019-09-21 10:37:45,144 - Tomcat initialized with port(s): 8080 (http)
2019-09-21 10:37:45,239 - Initializing ProtocolHandler ["http-nio-8080"]
2019-09-21 10:37:45,249 - Starting service [Tomcat]
2019-09-21 10:37:45,250 - Starting Servlet engine: [Apache Tomcat/9.0.21]
2019-09-21 10:37:45,367 - Initializing Spring embedded WebApplicationContext
2019-09-21 10:37:45,368 - Root WebApplicationContext: initialization completed in 1931 ms
2019-09-21 10:37:45,708 - HikariPool-1 - Starting...
2019-09-21 10:37:46,005 - HikariPool-1 - Start completed.
2019-09-21 10:37:46,063 - HHH000204: Processing PersistenceUnitInfo [
	name: default
	...]
2019-09-21 10:37:46,136 - HHH000412: Hibernate Core {5.3.10.Final}
2019-09-21 10:37:46,138 - HHH000206: hibernate.properties not found
2019-09-21 10:37:46,267 - HCANN000001: Hibernate Commons Annotations {5.0.4.Final}
2019-09-21 10:37:46,421 - HHH000400: Using dialect: org.hibernate.dialect.MySQL5Dialect
2019-09-21 10:37:46,990 - Initialized JPA EntityManagerFactory for persistence unit 'default'
2019-09-21 10:37:48,124 - Initializing ExecutorService 'applicationTaskExecutor'
2019-09-21 10:37:48,172 - spring.jpa.open-in-view is enabled by default. Therefore, database queries may be performed during view rendering. Explicitly configure spring.jpa.open-in-view to disable this warning
2019-09-21 10:37:48,624 - Starting ProtocolHandler ["http-nio-8080"]
2019-09-21 10:37:48,660 - Tomcat started on port(s): 8080 (http) with context path '/sell'
2019-09-21 10:37:48,662 - Started TestJavaApplication in 5.694 seconds (JVM running for 6.228)
2019-09-21 10:39:11,921 - Initializing Spring DispatcherServlet 'dispatcherServlet'
2019-09-21 10:39:11,921 - Initializing Servlet 'dispatcherServlet'
2019-09-21 10:39:11,930 - Completed initialization in 9 ms
2019-09-21 10:39:22,733 - HHH000397: Using ASTQueryTranslatorFactory
2019-09-21 13:34:06,629 - HikariPool-1 - Thread starvation or clock leap detected (housekeeper delta=29m19s363ms).
2019-09-21 15:28:00,791 - HikariPool-1 - Thread starvation or clock leap detected (housekeeper delta=4m53s392ms).
2019-09-21 16:07:28,365 - HikariPool-1 - Thread starvation or clock leap detected (housekeeper delta=3m27s365ms).
2019-09-21 16:08:30,710 - HikariPool-1 - Thread starvation or clock leap detected (housekeeper delta=1m2s346ms).
2019-09-21 16:31:18,832 - HikariPool-1 - Thread starvation or clock leap detected (housekeeper delta=16m18s76ms).
2019-09-21 18:31:31,521 - Shutting down ExecutorService 'applicationTaskExecutor'
2019-09-21 18:31:31,525 - Closing JPA EntityManagerFactory for persistence unit 'default'
2019-09-21 18:31:31,537 - HikariPool-1 - Shutdown initiated...
2019-09-21 18:31:31,542 - HikariPool-1 - Shutdown completed.
